2025/12/14 18:53:21 - mmengine - INFO - 
------------------------------------------------------------
System environment:
    sys.platform: linux
    Python: 3.9.25 (main, Nov  3 2025, 22:33:05) [GCC 11.2.0]
    CUDA available: True
    MUSA available: False
    numpy_random_seed: 995622293
    GPU 0,1,2,3: NVIDIA GeForce RTX 3090
    CUDA_HOME: /usr/local/cuda
    NVCC: Cuda compilation tools, release 11.7, V11.7.99
    GCC: gcc (Ubuntu 9.4.0-1ubuntu1~20.04.2) 9.4.0
    PyTorch: 2.1.2+cu118
    PyTorch compiling details: PyTorch built with:
  - GCC 9.3
  - C++ Version: 201703
  - Intel(R) oneAPI Math Kernel Library Version 2022.2-Product Build 20220804 for Intel(R) 64 architecture applications
  - Intel(R) MKL-DNN v3.1.1 (Git Hash 64f6bcbcbab628e96f33a62c3e975f8535a7bde4)
  - OpenMP 201511 (a.k.a. OpenMP 4.5)
  - LAPACK is enabled (usually provided by MKL)
  - NNPACK is enabled
  - CPU capability usage: AVX512
  - CUDA Runtime 11.8
  - NVCC architecture flags: -gencode;arch=compute_50,code=sm_50;-gencode;arch=compute_60,code=sm_60;-gencode;arch=compute_70,code=sm_70;-gencode;arch=compute_75,code=sm_75;-gencode;arch=compute_80,code=sm_80;-gencode;arch=compute_86,code=sm_86;-gencode;arch=compute_37,code=sm_37;-gencode;arch=compute_90,code=sm_90
  - CuDNN 8.7
  - Magma 2.6.1
  - Build settings: BLAS_INFO=mkl, BUILD_TYPE=Release, CUDA_VERSION=11.8, CUDNN_VERSION=8.7.0, CXX_COMPILER=/opt/rh/devtoolset-9/root/usr/bin/c++, CXX_FLAGS= -D_GLIBCXX_USE_CXX11_ABI=0 -fabi-version=11 -fvisibility-inlines-hidden -DUSE_PTHREADPOOL -DNDEBUG -DUSE_KINETO -DLIBKINETO_NOROCTRACER -DUSE_FBGEMM -DUSE_QNNPACK -DUSE_PYTORCH_QNNPACK -DUSE_XNNPACK -DSYMBOLICATE_MOBILE_DEBUG_HANDLE -O2 -fPIC -Wall -Wextra -Werror=return-type -Werror=non-virtual-dtor -Werror=bool-operation -Wnarrowing -Wno-missing-field-initializers -Wno-type-limits -Wno-array-bounds -Wno-unknown-pragmas -Wno-unused-parameter -Wno-unused-function -Wno-unused-result -Wno-strict-overflow -Wno-strict-aliasing -Wno-stringop-overflow -Wno-psabi -Wno-error=pedantic -Wno-error=old-style-cast -Wno-invalid-partial-specialization -Wno-unused-private-field -Wno-aligned-allocation-unavailable -Wno-missing-braces -fdiagnostics-color=always -faligned-new -Wno-unused-but-set-variable -Wno-maybe-uninitialized -fno-math-errno -fno-trapping-math -Werror=format -Werror=cast-function-type -Wno-stringop-overflow, LAPACK_INFO=mkl, PERF_WITH_AVX=1, PERF_WITH_AVX2=1, PERF_WITH_AVX512=1, TORCH_DISABLE_GPU_ASSERTS=ON, TORCH_VERSION=2.1.2, USE_CUDA=ON, USE_CUDNN=ON, USE_EXCEPTION_PTR=1, USE_GFLAGS=OFF, USE_GLOG=OFF, USE_MKL=ON, USE_MKLDNN=ON, USE_MPI=OFF, USE_NCCL=1, USE_NNPACK=ON, USE_OPENMP=ON, USE_ROCM=OFF, 

    TorchVision: 0.16.2+cu118
    OpenCV: 4.11.0
    MMEngine: 0.10.3

Runtime environment:
    cudnn_benchmark: False
    mp_cfg: {'mp_start_method': 'fork', 'opencv_num_threads': 0}
    dist_cfg: {'backend': 'nccl'}
    seed: 995622293
    Distributed launcher: pytorch
    Distributed training: True
    GPU number: 4
------------------------------------------------------------

2025/12/14 18:53:22 - mmengine - INFO - Config:
accum_steps = 1
auto_scale_lr = dict(base_batch_size=16, enable=False)
backend_args = None
batch_size_per_gpu = 4
data_root = './coco/'
dataset_type = 'CocoDataset'
default_hooks = dict(
    checkpoint=dict(interval=1, type='CheckpointHook'),
    logger=dict(interval=50, type='LoggerHook'),
    param_scheduler=dict(type='ParamSchedulerHook'),
    sampler_seed=dict(type='DistSamplerSeedHook'),
    timer=dict(type='IterTimerHook'),
    visualization=dict(type='DetVisualizationHook'))
default_scope = 'mmdet'
env_cfg = dict(
    cudnn_benchmark=False,
    dist_cfg=dict(backend='nccl'),
    mp_cfg=dict(mp_start_method='fork', opencv_num_threads=0))
launcher = 'pytorch'
load_from = None
log_level = 'INFO'
log_processor = dict(by_epoch=True, type='LogProcessor', window_size=50)
log_root = './log_dirs/mamba_out_vision_t_object_detection'
max_epochs = 12
model = dict(
    backbone=dict(
        depth=50,
        depths=(
            1,
            3,
            8,
            4,
        ),
        dim=80,
        drop_path_rate=0.2,
        frozen_stages=1,
        in_dim=32,
        init_cfg=dict(checkpoint='torchvision://resnet50', type='Pretrained'),
        layer_scale=None,
        mlp_ratio=4,
        norm_cfg=dict(requires_grad=True, type='BN'),
        norm_eval=True,
        norm_layer='ln2d',
        num_heads=(
            2,
            4,
            8,
            16,
        ),
        num_stages=4,
        out_indices=(
            0,
            1,
            2,
            3,
        ),
        pretrained='../models/mamba_out_vision_T-224/model_best.pth.tar',
        style='pytorch',
        type='MM_mamba_out_vision',
        window_size=(
            8,
            8,
            112,
            56,
        )),
    data_preprocessor=dict(
        bgr_to_rgb=True,
        mean=[
            123.675,
            116.28,
            103.53,
        ],
        pad_mask=True,
        pad_size_divisor=32,
        std=[
            58.395,
            57.12,
            57.375,
        ],
        type='DetDataPreprocessor'),
    neck=dict(
        in_channels=[
            80,
            160,
            320,
            640,
        ],
        num_outs=5,
        out_channels=256,
        type='FPN'),
    roi_head=dict(
        bbox_head=dict(
            bbox_coder=dict(
                target_means=[
                    0.0,
                    0.0,
                    0.0,
                    0.0,
                ],
                target_stds=[
                    0.1,
                    0.1,
                    0.2,
                    0.2,
                ],
                type='DeltaXYWHBBoxCoder'),
            conv_out_channels=256,
            fc_out_channels=1024,
            in_channels=256,
            loss_bbox=dict(loss_weight=10.0, type='GIoULoss'),
            loss_cls=dict(
                loss_weight=1.0, type='CrossEntropyLoss', use_sigmoid=False),
            norm_cfg=dict(requires_grad=True, type='SyncBN'),
            num_classes=80,
            num_shared_convs=4,
            num_shared_fcs=1,
            reg_class_agnostic=False,
            reg_decoded_bbox=True,
            roi_feat_size=7,
            type='ConvFCBBoxHead'),
        bbox_roi_extractor=dict(
            featmap_strides=[
                4,
                8,
                16,
                32,
            ],
            out_channels=256,
            roi_layer=dict(output_size=7, sampling_ratio=0, type='RoIAlign'),
            type='SingleRoIExtractor'),
        mask_head=dict(
            conv_out_channels=256,
            in_channels=256,
            loss_mask=dict(
                loss_weight=1.0, type='CrossEntropyLoss', use_mask=True),
            num_classes=80,
            num_convs=4,
            type='FCNMaskHead'),
        mask_roi_extractor=dict(
            featmap_strides=[
                4,
                8,
                16,
                32,
            ],
            out_channels=256,
            roi_layer=dict(output_size=14, sampling_ratio=0, type='RoIAlign'),
            type='SingleRoIExtractor'),
        type='StandardRoIHead'),
    rpn_head=dict(
        anchor_generator=dict(
            ratios=[
                0.5,
                1.0,
                2.0,
            ],
            scales=[
                8,
            ],
            strides=[
                4,
                8,
                16,
                32,
                64,
            ],
            type='AnchorGenerator'),
        bbox_coder=dict(
            target_means=[
                0.0,
                0.0,
                0.0,
                0.0,
            ],
            target_stds=[
                1.0,
                1.0,
                1.0,
                1.0,
            ],
            type='DeltaXYWHBBoxCoder'),
        feat_channels=256,
        in_channels=256,
        loss_bbox=dict(loss_weight=1.0, type='L1Loss'),
        loss_cls=dict(
            loss_weight=1.0, type='CrossEntropyLoss', use_sigmoid=True),
        type='RPNHead'),
    test_cfg=dict(
        rcnn=dict(
            mask_thr_binary=0.5,
            max_per_img=100,
            nms=dict(iou_threshold=0.5, type='nms'),
            score_thr=0.05),
        rpn=dict(
            max_per_img=1000,
            min_bbox_size=0,
            nms=dict(iou_threshold=0.7, type='nms'),
            nms_pre=1000)),
    train_cfg=dict(
        rcnn=dict(
            assigner=dict(
                ignore_iof_thr=-1,
                match_low_quality=True,
                min_pos_iou=0.5,
                neg_iou_thr=0.5,
                pos_iou_thr=0.5,
                type='MaxIoUAssigner'),
            debug=False,
            mask_size=28,
            pos_weight=-1,
            sampler=dict(
                add_gt_as_proposals=True,
                neg_pos_ub=-1,
                num=512,
                pos_fraction=0.25,
                type='RandomSampler')),
        rpn=dict(
            allowed_border=-1,
            assigner=dict(
                ignore_iof_thr=-1,
                match_low_quality=True,
                min_pos_iou=0.3,
                neg_iou_thr=0.3,
                pos_iou_thr=0.7,
                type='MaxIoUAssigner'),
            debug=False,
            pos_weight=-1,
            sampler=dict(
                add_gt_as_proposals=False,
                neg_pos_ub=-1,
                num=256,
                pos_fraction=0.5,
                type='RandomSampler')),
        rpn_proposal=dict(
            max_per_img=1000,
            min_bbox_size=0,
            nms=dict(iou_threshold=0.7, type='nms'),
            nms_pre=2000)),
    type='MaskRCNN')
num_gpus = 4
optim_wrapper = dict(
    accumulative_counts=1,
    loss_scale='dynamic',
    optimizer=dict(
        betas=(
            0.9,
            0.999,
        ), lr=0.0001, type='AdamW', weight_decay=0.05),
    paramwise_cfg=dict(custom_keys=dict(norm=dict(decay_mult=0.0))),
    type='AmpOptimWrapper')
param_scheduler = [
    dict(
        begin=0, by_epoch=False, end=1000, start_factor=0.001,
        type='LinearLR'),
    dict(
        begin=0,
        by_epoch=True,
        end=12,
        gamma=0.1,
        milestones=[
            8,
            11,
        ],
        type='MultiStepLR'),
]
resume = True
run_name = 'mamba_out_vision_t_object_detection'
test_cfg = dict(type='TestLoop')
test_dataloader = dict(
    batch_size=4,
    dataset=dict(
        ann_file='annotations/instances_val2017.json',
        backend_args=None,
        data_prefix=dict(img='val2017/'),
        data_root='./coco/',
        pipeline=[
            dict(backend_args=None, type='LoadImageFromFile'),
            dict(keep_ratio=True, scale=(
                1333,
                800,
            ), type='Resize'),
            dict(type='LoadAnnotations', with_bbox=True, with_mask=True),
            dict(
                meta_keys=(
                    'img_id',
                    'img_path',
                    'ori_shape',
                    'img_shape',
                    'scale_factor',
                ),
                type='PackDetInputs'),
        ],
        test_mode=True,
        type='CocoDataset'),
    drop_last=False,
    num_workers=4,
    persistent_workers=True,
    pin_memory=True,
    sampler=dict(shuffle=False, type='DefaultSampler'))
test_evaluator = dict(
    ann_file='./coco/annotations/instances_val2017.json',
    backend_args=None,
    format_only=False,
    metric=[
        'bbox',
        'segm',
    ],
    type='CocoMetric')
test_pipeline = [
    dict(backend_args=None, type='LoadImageFromFile'),
    dict(keep_ratio=True, scale=(
        1333,
        800,
    ), type='Resize'),
    dict(type='LoadAnnotations', with_bbox=True, with_mask=True),
    dict(
        meta_keys=(
            'img_id',
            'img_path',
            'ori_shape',
            'img_shape',
            'scale_factor',
        ),
        type='PackDetInputs'),
]
total_batch_size = 16
train_cfg = dict(max_epochs=12, type='EpochBasedTrainLoop', val_interval=1)
train_dataloader = dict(
    batch_sampler=dict(type='AspectRatioBatchSampler'),
    batch_size=4,
    dataset=dict(
        ann_file='annotations/instances_train2017.json',
        backend_args=None,
        data_prefix=dict(img='train2017/'),
        data_root='./coco/',
        filter_cfg=dict(filter_empty_gt=True, min_size=32),
        pipeline=[
            dict(backend_args=None, type='LoadImageFromFile'),
            dict(type='LoadAnnotations', with_bbox=True, with_mask=True),
            dict(prob=0.5, type='RandomFlip'),
            dict(
                transforms=[
                    [
                        dict(
                            keep_ratio=True,
                            scales=[
                                (
                                    480,
                                    1333,
                                ),
                                (
                                    512,
                                    1333,
                                ),
                                (
                                    544,
                                    1333,
                                ),
                                (
                                    576,
                                    1333,
                                ),
                                (
                                    608,
                                    1333,
                                ),
                                (
                                    640,
                                    1333,
                                ),
                                (
                                    672,
                                    1333,
                                ),
                                (
                                    704,
                                    1333,
                                ),
                                (
                                    736,
                                    1333,
                                ),
                                (
                                    768,
                                    1333,
                                ),
                                (
                                    800,
                                    1333,
                                ),
                            ],
                            type='RandomChoiceResize'),
                    ],
                    [
                        dict(
                            keep_ratio=True,
                            scales=[
                                (
                                    400,
                                    1333,
                                ),
                                (
                                    500,
                                    1333,
                                ),
                                (
                                    600,
                                    1333,
                                ),
                            ],
                            type='RandomChoiceResize'),
                        dict(
                            allow_negative_crop=True,
                            crop_size=(
                                384,
                                600,
                            ),
                            crop_type='absolute_range',
                            type='RandomCrop'),
                        dict(
                            keep_ratio=True,
                            scales=[
                                (
                                    480,
                                    1333,
                                ),
                                (
                                    512,
                                    1333,
                                ),
                                (
                                    544,
                                    1333,
                                ),
                                (
                                    576,
                                    1333,
                                ),
                                (
                                    608,
                                    1333,
                                ),
                                (
                                    640,
                                    1333,
                                ),
                                (
                                    672,
                                    1333,
                                ),
                                (
                                    704,
                                    1333,
                                ),
                                (
                                    736,
                                    1333,
                                ),
                                (
                                    768,
                                    1333,
                                ),
                                (
                                    800,
                                    1333,
                                ),
                            ],
                            type='RandomChoiceResize'),
                    ],
                ],
                type='RandomChoice'),
            dict(type='PackDetInputs'),
        ],
        type='CocoDataset'),
    num_workers=4,
    persistent_workers=True,
    pin_memory=True,
    sampler=dict(shuffle=True, type='DefaultSampler'))
train_pipeline = [
    dict(backend_args=None, type='LoadImageFromFile'),
    dict(type='LoadAnnotations', with_bbox=True, with_mask=True),
    dict(prob=0.5, type='RandomFlip'),
    dict(
        transforms=[
            [
                dict(
                    keep_ratio=True,
                    scales=[
                        (
                            480,
                            1333,
                        ),
                        (
                            512,
                            1333,
                        ),
                        (
                            544,
                            1333,
                        ),
                        (
                            576,
                            1333,
                        ),
                        (
                            608,
                            1333,
                        ),
                        (
                            640,
                            1333,
                        ),
                        (
                            672,
                            1333,
                        ),
                        (
                            704,
                            1333,
                        ),
                        (
                            736,
                            1333,
                        ),
                        (
                            768,
                            1333,
                        ),
                        (
                            800,
                            1333,
                        ),
                    ],
                    type='RandomChoiceResize'),
            ],
            [
                dict(
                    keep_ratio=True,
                    scales=[
                        (
                            400,
                            1333,
                        ),
                        (
                            500,
                            1333,
                        ),
                        (
                            600,
                            1333,
                        ),
                    ],
                    type='RandomChoiceResize'),
                dict(
                    allow_negative_crop=True,
                    crop_size=(
                        384,
                        600,
                    ),
                    crop_type='absolute_range',
                    type='RandomCrop'),
                dict(
                    keep_ratio=True,
                    scales=[
                        (
                            480,
                            1333,
                        ),
                        (
                            512,
                            1333,
                        ),
                        (
                            544,
                            1333,
                        ),
                        (
                            576,
                            1333,
                        ),
                        (
                            608,
                            1333,
                        ),
                        (
                            640,
                            1333,
                        ),
                        (
                            672,
                            1333,
                        ),
                        (
                            704,
                            1333,
                        ),
                        (
                            736,
                            1333,
                        ),
                        (
                            768,
                            1333,
                        ),
                        (
                            800,
                            1333,
                        ),
                    ],
                    type='RandomChoiceResize'),
            ],
        ],
        type='RandomChoice'),
    dict(type='PackDetInputs'),
]
val_cfg = dict(type='ValLoop')
val_dataloader = dict(
    batch_size=4,
    dataset=dict(
        ann_file='annotations/instances_val2017.json',
        backend_args=None,
        data_prefix=dict(img='val2017/'),
        data_root='./coco/',
        pipeline=[
            dict(backend_args=None, type='LoadImageFromFile'),
            dict(keep_ratio=True, scale=(
                1333,
                800,
            ), type='Resize'),
            dict(type='LoadAnnotations', with_bbox=True, with_mask=True),
            dict(
                meta_keys=(
                    'img_id',
                    'img_path',
                    'ori_shape',
                    'img_shape',
                    'scale_factor',
                ),
                type='PackDetInputs'),
        ],
        test_mode=True,
        type='CocoDataset'),
    drop_last=False,
    num_workers=4,
    persistent_workers=True,
    pin_memory=True,
    sampler=dict(shuffle=False, type='DefaultSampler'))
val_evaluator = dict(
    ann_file='./coco/annotations/instances_val2017.json',
    backend_args=None,
    format_only=False,
    metric=[
        'bbox',
        'segm',
    ],
    type='CocoMetric')
vis_backends = [
    dict(
        save_dir='./log_dirs/mamba_out_vision_t_object_detection',
        type='TensorboardVisBackend'),
    dict(
        save_dir='./log_dirs/mamba_out_vision_t_object_detection',
        type='LocalVisBackend'),
]
visualizer = dict(
    name='visualizer',
    type='DetLocalVisualizer',
    vis_backends=[
        dict(
            save_dir='./log_dirs/mamba_out_vision_t_object_detection',
            type='TensorboardVisBackend'),
        dict(
            save_dir='./log_dirs/mamba_out_vision_t_object_detection',
            type='LocalVisBackend'),
    ])
work_dir = '../work_dirs/mamba_out_vision_t_object_detection'

2025/12/14 18:53:26 - mmengine - INFO - Hooks will be executed in the following order:
before_run:
(VERY_HIGH   ) RuntimeInfoHook                    
(BELOW_NORMAL) LoggerHook                         
 -------------------- 
before_train:
(VERY_HIGH   ) RuntimeInfoHook                    
(NORMAL      ) IterTimerHook                      
(VERY_LOW    ) CheckpointHook                     
 -------------------- 
before_train_epoch:
(VERY_HIGH   ) RuntimeInfoHook                    
(NORMAL      ) IterTimerHook                      
(NORMAL      ) DistSamplerSeedHook                
 -------------------- 
before_train_iter:
(VERY_HIGH   ) RuntimeInfoHook                    
(NORMAL      ) IterTimerHook                      
 -------------------- 
after_train_iter:
(VERY_HIGH   ) RuntimeInfoHook                    
(NORMAL      ) IterTimerHook                      
(BELOW_NORMAL) LoggerHook                         
(LOW         ) ParamSchedulerHook                 
(VERY_LOW    ) CheckpointHook                     
 -------------------- 
after_train_epoch:
(NORMAL      ) IterTimerHook                      
(LOW         ) ParamSchedulerHook                 
(VERY_LOW    ) CheckpointHook                     
 -------------------- 
before_val:
(VERY_HIGH   ) RuntimeInfoHook                    
 -------------------- 
before_val_epoch:
(NORMAL      ) IterTimerHook                      
 -------------------- 
before_val_iter:
(NORMAL      ) IterTimerHook                      
 -------------------- 
after_val_iter:
(NORMAL      ) IterTimerHook                      
(NORMAL      ) DetVisualizationHook               
(BELOW_NORMAL) LoggerHook                         
 -------------------- 
after_val_epoch:
(VERY_HIGH   ) RuntimeInfoHook                    
(NORMAL      ) IterTimerHook                      
(BELOW_NORMAL) LoggerHook                         
(LOW         ) ParamSchedulerHook                 
(VERY_LOW    ) CheckpointHook                     
 -------------------- 
after_val:
(VERY_HIGH   ) RuntimeInfoHook                    
 -------------------- 
after_train:
(VERY_HIGH   ) RuntimeInfoHook                    
(VERY_LOW    ) CheckpointHook                     
 -------------------- 
before_test:
(VERY_HIGH   ) RuntimeInfoHook                    
 -------------------- 
before_test_epoch:
(NORMAL      ) IterTimerHook                      
 -------------------- 
before_test_iter:
(NORMAL      ) IterTimerHook                      
 -------------------- 
after_test_iter:
(NORMAL      ) IterTimerHook                      
(NORMAL      ) DetVisualizationHook               
(BELOW_NORMAL) LoggerHook                         
 -------------------- 
after_test_epoch:
(VERY_HIGH   ) RuntimeInfoHook                    
(NORMAL      ) IterTimerHook                      
(BELOW_NORMAL) LoggerHook                         
 -------------------- 
after_test:
(VERY_HIGH   ) RuntimeInfoHook                    
 -------------------- 
after_run:
(BELOW_NORMAL) LoggerHook                         
 -------------------- 
2025/12/14 18:54:05 - mmengine - INFO - paramwise_options -- backbone.levels.0.blocks.0.norm1.weight:lr=0.0001
2025/12/14 18:54:05 - mmengine - INFO - paramwise_options -- backbone.levels.0.blocks.0.norm1.weight:weight_decay=0.0
2025/12/14 18:54:05 - mmengine - INFO - paramwise_options -- backbone.levels.0.blocks.0.norm1.weight:decay_mult=0.0
2025/12/14 18:54:05 - mmengine - INFO - paramwise_options -- backbone.levels.0.blocks.0.norm1.bias:lr=0.0001
2025/12/14 18:54:05 - mmengine - INFO - paramwise_options -- backbone.levels.0.blocks.0.norm1.bias:weight_decay=0.0
2025/12/14 18:54:05 - mmengine - INFO - paramwise_options -- backbone.levels.0.blocks.0.norm1.bias:decay_mult=0.0
2025/12/14 18:54:05 - mmengine - INFO - paramwise_options -- backbone.levels.0.blocks.0.norm2.weight:lr=0.0001
2025/12/14 18:54:05 - mmengine - INFO - paramwise_options -- backbone.levels.0.blocks.0.norm2.weight:weight_decay=0.0
2025/12/14 18:54:05 - mmengine - INFO - paramwise_options -- backbone.levels.0.blocks.0.norm2.weight:decay_mult=0.0
2025/12/14 18:54:05 - mmengine - INFO - paramwise_options -- backbone.levels.0.blocks.0.norm2.bias:lr=0.0001
2025/12/14 18:54:05 - mmengine - INFO - paramwise_options -- backbone.levels.0.blocks.0.norm2.bias:weight_decay=0.0
2025/12/14 18:54:05 - mmengine - INFO - paramwise_options -- backbone.levels.0.blocks.0.norm2.bias:decay_mult=0.0
2025/12/14 18:54:05 - mmengine - INFO - paramwise_options -- backbone.levels.1.blocks.0.norm1.weight:lr=0.0001
2025/12/14 18:54:05 - mmengine - INFO - paramwise_options -- backbone.levels.1.blocks.0.norm1.weight:weight_decay=0.0
2025/12/14 18:54:05 - mmengine - INFO - paramwise_options -- backbone.levels.1.blocks.0.norm1.weight:decay_mult=0.0
2025/12/14 18:54:05 - mmengine - INFO - paramwise_options -- backbone.levels.1.blocks.0.norm1.bias:lr=0.0001
2025/12/14 18:54:05 - mmengine - INFO - paramwise_options -- backbone.levels.1.blocks.0.norm1.bias:weight_decay=0.0
2025/12/14 18:54:05 - mmengine - INFO - paramwise_options -- backbone.levels.1.blocks.0.norm1.bias:decay_mult=0.0
2025/12/14 18:54:05 - mmengine - INFO - paramwise_options -- backbone.levels.1.blocks.0.norm2.weight:lr=0.0001
2025/12/14 18:54:05 - mmengine - INFO - paramwise_options -- backbone.levels.1.blocks.0.norm2.weight:weight_decay=0.0
2025/12/14 18:54:05 - mmengine - INFO - paramwise_options -- backbone.levels.1.blocks.0.norm2.weight:decay_mult=0.0
2025/12/14 18:54:05 - mmengine - INFO - paramwise_options -- backbone.levels.1.blocks.0.norm2.bias:lr=0.0001
2025/12/14 18:54:05 - mmengine - INFO - paramwise_options -- backbone.levels.1.blocks.0.norm2.bias:weight_decay=0.0
2025/12/14 18:54:05 - mmengine - INFO - paramwise_options -- backbone.levels.1.blocks.0.norm2.bias:decay_mult=0.0
2025/12/14 18:54:05 - mmengine - INFO - paramwise_options -- backbone.levels.1.blocks.1.norm1.weight:lr=0.0001
2025/12/14 18:54:05 - mmengine - INFO - paramwise_options -- backbone.levels.1.blocks.1.norm1.weight:weight_decay=0.0
2025/12/14 18:54:05 - mmengine - INFO - paramwise_options -- backbone.levels.1.blocks.1.norm1.weight:decay_mult=0.0
2025/12/14 18:54:05 - mmengine - INFO - paramwise_options -- backbone.levels.1.blocks.1.norm1.bias:lr=0.0001
2025/12/14 18:54:05 - mmengine - INFO - paramwise_options -- backbone.levels.1.blocks.1.norm1.bias:weight_decay=0.0
2025/12/14 18:54:05 - mmengine - INFO - paramwise_options -- backbone.levels.1.blocks.1.norm1.bias:decay_mult=0.0
2025/12/14 18:54:05 - mmengine - INFO - paramwise_options -- backbone.levels.1.blocks.1.norm2.weight:lr=0.0001
2025/12/14 18:54:05 - mmengine - INFO - paramwise_options -- backbone.levels.1.blocks.1.norm2.weight:weight_decay=0.0
2025/12/14 18:54:05 - mmengine - INFO - paramwise_options -- backbone.levels.1.blocks.1.norm2.weight:decay_mult=0.0
2025/12/14 18:54:05 - mmengine - INFO - paramwise_options -- backbone.levels.1.blocks.1.norm2.bias:lr=0.0001
2025/12/14 18:54:05 - mmengine - INFO - paramwise_options -- backbone.levels.1.blocks.1.norm2.bias:weight_decay=0.0
2025/12/14 18:54:05 - mmengine - INFO - paramwise_options -- backbone.levels.1.blocks.1.norm2.bias:decay_mult=0.0
2025/12/14 18:54:05 - mmengine - INFO - paramwise_options -- backbone.levels.1.blocks.2.norm1.weight:lr=0.0001
2025/12/14 18:54:05 - mmengine - INFO - paramwise_options -- backbone.levels.1.blocks.2.norm1.weight:weight_decay=0.0
2025/12/14 18:54:05 - mmengine - INFO - paramwise_options -- backbone.levels.1.blocks.2.norm1.weight:decay_mult=0.0
2025/12/14 18:54:05 - mmengine - INFO - paramwise_options -- backbone.levels.1.blocks.2.norm1.bias:lr=0.0001
2025/12/14 18:54:05 - mmengine - INFO - paramwise_options -- backbone.levels.1.blocks.2.norm1.bias:weight_decay=0.0
2025/12/14 18:54:05 - mmengine - INFO - paramwise_options -- backbone.levels.1.blocks.2.norm1.bias:decay_mult=0.0
2025/12/14 18:54:05 - mmengine - INFO - paramwise_options -- backbone.levels.1.blocks.2.norm2.weight:lr=0.0001
2025/12/14 18:54:05 - mmengine - INFO - paramwise_options -- backbone.levels.1.blocks.2.norm2.weight:weight_decay=0.0
2025/12/14 18:54:05 - mmengine - INFO - paramwise_options -- backbone.levels.1.blocks.2.norm2.weight:decay_mult=0.0
2025/12/14 18:54:05 - mmengine - INFO - paramwise_options -- backbone.levels.1.blocks.2.norm2.bias:lr=0.0001
2025/12/14 18:54:05 - mmengine - INFO - paramwise_options -- backbone.levels.1.blocks.2.norm2.bias:weight_decay=0.0
2025/12/14 18:54:05 - mmengine - INFO - paramwise_options -- backbone.levels.1.blocks.2.norm2.bias:decay_mult=0.0
2025/12/14 18:54:05 - mmengine - INFO - paramwise_options -- backbone.levels.2.blocks.0.norm1.weight:lr=0.0001
2025/12/14 18:54:05 - mmengine - INFO - paramwise_options -- backbone.levels.2.blocks.0.norm1.weight:weight_decay=0.0
2025/12/14 18:54:05 - mmengine - INFO - paramwise_options -- backbone.levels.2.blocks.0.norm1.weight:decay_mult=0.0
2025/12/14 18:54:05 - mmengine - INFO - paramwise_options -- backbone.levels.2.blocks.0.norm1.bias:lr=0.0001
2025/12/14 18:54:05 - mmengine - INFO - paramwise_options -- backbone.levels.2.blocks.0.norm1.bias:weight_decay=0.0
2025/12/14 18:54:05 - mmengine - INFO - paramwise_options -- backbone.levels.2.blocks.0.norm1.bias:decay_mult=0.0
2025/12/14 18:54:05 - mmengine - INFO - paramwise_options -- backbone.levels.2.blocks.0.norm2.weight:lr=0.0001
2025/12/14 18:54:05 - mmengine - INFO - paramwise_options -- backbone.levels.2.blocks.0.norm2.weight:weight_decay=0.0
2025/12/14 18:54:05 - mmengine - INFO - paramwise_options -- backbone.levels.2.blocks.0.norm2.weight:decay_mult=0.0
2025/12/14 18:54:05 - mmengine - INFO - paramwise_options -- backbone.levels.2.blocks.0.norm2.bias:lr=0.0001
2025/12/14 18:54:05 - mmengine - INFO - paramwise_options -- backbone.levels.2.blocks.0.norm2.bias:weight_decay=0.0
2025/12/14 18:54:05 - mmengine - INFO - paramwise_options -- backbone.levels.2.blocks.0.norm2.bias:decay_mult=0.0
2025/12/14 18:54:05 - mmengine - INFO - paramwise_options -- backbone.levels.2.blocks.1.norm1.weight:lr=0.0001
2025/12/14 18:54:05 - mmengine - INFO - paramwise_options -- backbone.levels.2.blocks.1.norm1.weight:weight_decay=0.0
2025/12/14 18:54:05 - mmengine - INFO - paramwise_options -- backbone.levels.2.blocks.1.norm1.weight:decay_mult=0.0
2025/12/14 18:54:05 - mmengine - INFO - paramwise_options -- backbone.levels.2.blocks.1.norm1.bias:lr=0.0001
2025/12/14 18:54:05 - mmengine - INFO - paramwise_options -- backbone.levels.2.blocks.1.norm1.bias:weight_decay=0.0
2025/12/14 18:54:05 - mmengine - INFO - paramwise_options -- backbone.levels.2.blocks.1.norm1.bias:decay_mult=0.0
2025/12/14 18:54:05 - mmengine - INFO - paramwise_options -- backbone.levels.2.blocks.1.norm2.weight:lr=0.0001
2025/12/14 18:54:05 - mmengine - INFO - paramwise_options -- backbone.levels.2.blocks.1.norm2.weight:weight_decay=0.0
2025/12/14 18:54:05 - mmengine - INFO - paramwise_options -- backbone.levels.2.blocks.1.norm2.weight:decay_mult=0.0
2025/12/14 18:54:05 - mmengine - INFO - paramwise_options -- backbone.levels.2.blocks.1.norm2.bias:lr=0.0001
2025/12/14 18:54:05 - mmengine - INFO - paramwise_options -- backbone.levels.2.blocks.1.norm2.bias:weight_decay=0.0
2025/12/14 18:54:05 - mmengine - INFO - paramwise_options -- backbone.levels.2.blocks.1.norm2.bias:decay_mult=0.0
2025/12/14 18:54:05 - mmengine - INFO - paramwise_options -- backbone.levels.2.blocks.2.norm1.weight:lr=0.0001
2025/12/14 18:54:05 - mmengine - INFO - paramwise_options -- backbone.levels.2.blocks.2.norm1.weight:weight_decay=0.0
2025/12/14 18:54:05 - mmengine - INFO - paramwise_options -- backbone.levels.2.blocks.2.norm1.weight:decay_mult=0.0
2025/12/14 18:54:05 - mmengine - INFO - paramwise_options -- backbone.levels.2.blocks.2.norm1.bias:lr=0.0001
2025/12/14 18:54:05 - mmengine - INFO - paramwise_options -- backbone.levels.2.blocks.2.norm1.bias:weight_decay=0.0
2025/12/14 18:54:05 - mmengine - INFO - paramwise_options -- backbone.levels.2.blocks.2.norm1.bias:decay_mult=0.0
2025/12/14 18:54:05 - mmengine - INFO - paramwise_options -- backbone.levels.2.blocks.2.norm2.weight:lr=0.0001
2025/12/14 18:54:05 - mmengine - INFO - paramwise_options -- backbone.levels.2.blocks.2.norm2.weight:weight_decay=0.0
2025/12/14 18:54:05 - mmengine - INFO - paramwise_options -- backbone.levels.2.blocks.2.norm2.weight:decay_mult=0.0
2025/12/14 18:54:05 - mmengine - INFO - paramwise_options -- backbone.levels.2.blocks.2.norm2.bias:lr=0.0001
2025/12/14 18:54:05 - mmengine - INFO - paramwise_options -- backbone.levels.2.blocks.2.norm2.bias:weight_decay=0.0
2025/12/14 18:54:05 - mmengine - INFO - paramwise_options -- backbone.levels.2.blocks.2.norm2.bias:decay_mult=0.0
2025/12/14 18:54:05 - mmengine - INFO - paramwise_options -- backbone.levels.2.blocks.3.norm1.weight:lr=0.0001
2025/12/14 18:54:05 - mmengine - INFO - paramwise_options -- backbone.levels.2.blocks.3.norm1.weight:weight_decay=0.0
2025/12/14 18:54:05 - mmengine - INFO - paramwise_options -- backbone.levels.2.blocks.3.norm1.weight:decay_mult=0.0
2025/12/14 18:54:05 - mmengine - INFO - paramwise_options -- backbone.levels.2.blocks.3.norm1.bias:lr=0.0001
2025/12/14 18:54:05 - mmengine - INFO - paramwise_options -- backbone.levels.2.blocks.3.norm1.bias:weight_decay=0.0
2025/12/14 18:54:05 - mmengine - INFO - paramwise_options -- backbone.levels.2.blocks.3.norm1.bias:decay_mult=0.0
2025/12/14 18:54:05 - mmengine - INFO - paramwise_options -- backbone.levels.2.blocks.3.norm2.weight:lr=0.0001
2025/12/14 18:54:05 - mmengine - INFO - paramwise_options -- backbone.levels.2.blocks.3.norm2.weight:weight_decay=0.0
2025/12/14 18:54:05 - mmengine - INFO - paramwise_options -- backbone.levels.2.blocks.3.norm2.weight:decay_mult=0.0
2025/12/14 18:54:05 - mmengine - INFO - paramwise_options -- backbone.levels.2.blocks.3.norm2.bias:lr=0.0001
2025/12/14 18:54:05 - mmengine - INFO - paramwise_options -- backbone.levels.2.blocks.3.norm2.bias:weight_decay=0.0
2025/12/14 18:54:05 - mmengine - INFO - paramwise_options -- backbone.levels.2.blocks.3.norm2.bias:decay_mult=0.0
2025/12/14 18:54:05 - mmengine - INFO - paramwise_options -- backbone.levels.2.blocks.4.norm1.weight:lr=0.0001
2025/12/14 18:54:05 - mmengine - INFO - paramwise_options -- backbone.levels.2.blocks.4.norm1.weight:weight_decay=0.0
2025/12/14 18:54:05 - mmengine - INFO - paramwise_options -- backbone.levels.2.blocks.4.norm1.weight:decay_mult=0.0
2025/12/14 18:54:05 - mmengine - INFO - paramwise_options -- backbone.levels.2.blocks.4.norm1.bias:lr=0.0001
2025/12/14 18:54:05 - mmengine - INFO - paramwise_options -- backbone.levels.2.blocks.4.norm1.bias:weight_decay=0.0
2025/12/14 18:54:05 - mmengine - INFO - paramwise_options -- backbone.levels.2.blocks.4.norm1.bias:decay_mult=0.0
2025/12/14 18:54:05 - mmengine - INFO - paramwise_options -- backbone.levels.2.blocks.4.norm2.weight:lr=0.0001
2025/12/14 18:54:05 - mmengine - INFO - paramwise_options -- backbone.levels.2.blocks.4.norm2.weight:weight_decay=0.0
2025/12/14 18:54:05 - mmengine - INFO - paramwise_options -- backbone.levels.2.blocks.4.norm2.weight:decay_mult=0.0
2025/12/14 18:54:05 - mmengine - INFO - paramwise_options -- backbone.levels.2.blocks.4.norm2.bias:lr=0.0001
2025/12/14 18:54:05 - mmengine - INFO - paramwise_options -- backbone.levels.2.blocks.4.norm2.bias:weight_decay=0.0
2025/12/14 18:54:05 - mmengine - INFO - paramwise_options -- backbone.levels.2.blocks.4.norm2.bias:decay_mult=0.0
2025/12/14 18:54:05 - mmengine - INFO - paramwise_options -- backbone.levels.2.blocks.5.norm1.weight:lr=0.0001
2025/12/14 18:54:05 - mmengine - INFO - paramwise_options -- backbone.levels.2.blocks.5.norm1.weight:weight_decay=0.0
2025/12/14 18:54:05 - mmengine - INFO - paramwise_options -- backbone.levels.2.blocks.5.norm1.weight:decay_mult=0.0
2025/12/14 18:54:05 - mmengine - INFO - paramwise_options -- backbone.levels.2.blocks.5.norm1.bias:lr=0.0001
2025/12/14 18:54:05 - mmengine - INFO - paramwise_options -- backbone.levels.2.blocks.5.norm1.bias:weight_decay=0.0
2025/12/14 18:54:05 - mmengine - INFO - paramwise_options -- backbone.levels.2.blocks.5.norm1.bias:decay_mult=0.0
2025/12/14 18:54:05 - mmengine - INFO - paramwise_options -- backbone.levels.2.blocks.5.norm2.weight:lr=0.0001
2025/12/14 18:54:05 - mmengine - INFO - paramwise_options -- backbone.levels.2.blocks.5.norm2.weight:weight_decay=0.0
2025/12/14 18:54:05 - mmengine - INFO - paramwise_options -- backbone.levels.2.blocks.5.norm2.weight:decay_mult=0.0
2025/12/14 18:54:05 - mmengine - INFO - paramwise_options -- backbone.levels.2.blocks.5.norm2.bias:lr=0.0001
2025/12/14 18:54:05 - mmengine - INFO - paramwise_options -- backbone.levels.2.blocks.5.norm2.bias:weight_decay=0.0
2025/12/14 18:54:05 - mmengine - INFO - paramwise_options -- backbone.levels.2.blocks.5.norm2.bias:decay_mult=0.0
2025/12/14 18:54:05 - mmengine - INFO - paramwise_options -- backbone.levels.2.blocks.6.norm1.weight:lr=0.0001
2025/12/14 18:54:05 - mmengine - INFO - paramwise_options -- backbone.levels.2.blocks.6.norm1.weight:weight_decay=0.0
2025/12/14 18:54:05 - mmengine - INFO - paramwise_options -- backbone.levels.2.blocks.6.norm1.weight:decay_mult=0.0
2025/12/14 18:54:05 - mmengine - INFO - paramwise_options -- backbone.levels.2.blocks.6.norm1.bias:lr=0.0001
2025/12/14 18:54:05 - mmengine - INFO - paramwise_options -- backbone.levels.2.blocks.6.norm1.bias:weight_decay=0.0
2025/12/14 18:54:05 - mmengine - INFO - paramwise_options -- backbone.levels.2.blocks.6.norm1.bias:decay_mult=0.0
2025/12/14 18:54:05 - mmengine - INFO - paramwise_options -- backbone.levels.2.blocks.6.norm2.weight:lr=0.0001
2025/12/14 18:54:05 - mmengine - INFO - paramwise_options -- backbone.levels.2.blocks.6.norm2.weight:weight_decay=0.0
2025/12/14 18:54:05 - mmengine - INFO - paramwise_options -- backbone.levels.2.blocks.6.norm2.weight:decay_mult=0.0
2025/12/14 18:54:05 - mmengine - INFO - paramwise_options -- backbone.levels.2.blocks.6.norm2.bias:lr=0.0001
2025/12/14 18:54:05 - mmengine - INFO - paramwise_options -- backbone.levels.2.blocks.6.norm2.bias:weight_decay=0.0
2025/12/14 18:54:05 - mmengine - INFO - paramwise_options -- backbone.levels.2.blocks.6.norm2.bias:decay_mult=0.0
2025/12/14 18:54:05 - mmengine - INFO - paramwise_options -- backbone.levels.2.blocks.7.norm1.weight:lr=0.0001
2025/12/14 18:54:05 - mmengine - INFO - paramwise_options -- backbone.levels.2.blocks.7.norm1.weight:weight_decay=0.0
2025/12/14 18:54:05 - mmengine - INFO - paramwise_options -- backbone.levels.2.blocks.7.norm1.weight:decay_mult=0.0
2025/12/14 18:54:05 - mmengine - INFO - paramwise_options -- backbone.levels.2.blocks.7.norm1.bias:lr=0.0001
2025/12/14 18:54:05 - mmengine - INFO - paramwise_options -- backbone.levels.2.blocks.7.norm1.bias:weight_decay=0.0
2025/12/14 18:54:05 - mmengine - INFO - paramwise_options -- backbone.levels.2.blocks.7.norm1.bias:decay_mult=0.0
2025/12/14 18:54:05 - mmengine - INFO - paramwise_options -- backbone.levels.2.blocks.7.norm2.weight:lr=0.0001
2025/12/14 18:54:05 - mmengine - INFO - paramwise_options -- backbone.levels.2.blocks.7.norm2.weight:weight_decay=0.0
2025/12/14 18:54:05 - mmengine - INFO - paramwise_options -- backbone.levels.2.blocks.7.norm2.weight:decay_mult=0.0
2025/12/14 18:54:05 - mmengine - INFO - paramwise_options -- backbone.levels.2.blocks.7.norm2.bias:lr=0.0001
2025/12/14 18:54:05 - mmengine - INFO - paramwise_options -- backbone.levels.2.blocks.7.norm2.bias:weight_decay=0.0
2025/12/14 18:54:05 - mmengine - INFO - paramwise_options -- backbone.levels.2.blocks.7.norm2.bias:decay_mult=0.0
2025/12/14 18:54:05 - mmengine - INFO - paramwise_options -- backbone.levels.3.blocks.0.norm1.weight:lr=0.0001
2025/12/14 18:54:05 - mmengine - INFO - paramwise_options -- backbone.levels.3.blocks.0.norm1.weight:weight_decay=0.0
2025/12/14 18:54:05 - mmengine - INFO - paramwise_options -- backbone.levels.3.blocks.0.norm1.weight:decay_mult=0.0
2025/12/14 18:54:05 - mmengine - INFO - paramwise_options -- backbone.levels.3.blocks.0.norm1.bias:lr=0.0001
2025/12/14 18:54:05 - mmengine - INFO - paramwise_options -- backbone.levels.3.blocks.0.norm1.bias:weight_decay=0.0
2025/12/14 18:54:05 - mmengine - INFO - paramwise_options -- backbone.levels.3.blocks.0.norm1.bias:decay_mult=0.0
2025/12/14 18:54:05 - mmengine - INFO - paramwise_options -- backbone.levels.3.blocks.0.norm2.weight:lr=0.0001
2025/12/14 18:54:05 - mmengine - INFO - paramwise_options -- backbone.levels.3.blocks.0.norm2.weight:weight_decay=0.0
2025/12/14 18:54:05 - mmengine - INFO - paramwise_options -- backbone.levels.3.blocks.0.norm2.weight:decay_mult=0.0
2025/12/14 18:54:05 - mmengine - INFO - paramwise_options -- backbone.levels.3.blocks.0.norm2.bias:lr=0.0001
2025/12/14 18:54:05 - mmengine - INFO - paramwise_options -- backbone.levels.3.blocks.0.norm2.bias:weight_decay=0.0
2025/12/14 18:54:05 - mmengine - INFO - paramwise_options -- backbone.levels.3.blocks.0.norm2.bias:decay_mult=0.0
2025/12/14 18:54:05 - mmengine - INFO - paramwise_options -- backbone.levels.3.blocks.1.norm1.weight:lr=0.0001
2025/12/14 18:54:05 - mmengine - INFO - paramwise_options -- backbone.levels.3.blocks.1.norm1.weight:weight_decay=0.0
2025/12/14 18:54:05 - mmengine - INFO - paramwise_options -- backbone.levels.3.blocks.1.norm1.weight:decay_mult=0.0
2025/12/14 18:54:05 - mmengine - INFO - paramwise_options -- backbone.levels.3.blocks.1.norm1.bias:lr=0.0001
2025/12/14 18:54:05 - mmengine - INFO - paramwise_options -- backbone.levels.3.blocks.1.norm1.bias:weight_decay=0.0
2025/12/14 18:54:05 - mmengine - INFO - paramwise_options -- backbone.levels.3.blocks.1.norm1.bias:decay_mult=0.0
2025/12/14 18:54:05 - mmengine - INFO - paramwise_options -- backbone.levels.3.blocks.1.norm2.weight:lr=0.0001
2025/12/14 18:54:05 - mmengine - INFO - paramwise_options -- backbone.levels.3.blocks.1.norm2.weight:weight_decay=0.0
2025/12/14 18:54:05 - mmengine - INFO - paramwise_options -- backbone.levels.3.blocks.1.norm2.weight:decay_mult=0.0
2025/12/14 18:54:05 - mmengine - INFO - paramwise_options -- backbone.levels.3.blocks.1.norm2.bias:lr=0.0001
2025/12/14 18:54:05 - mmengine - INFO - paramwise_options -- backbone.levels.3.blocks.1.norm2.bias:weight_decay=0.0
2025/12/14 18:54:05 - mmengine - INFO - paramwise_options -- backbone.levels.3.blocks.1.norm2.bias:decay_mult=0.0
2025/12/14 18:54:05 - mmengine - INFO - paramwise_options -- backbone.levels.3.blocks.2.norm1.weight:lr=0.0001
2025/12/14 18:54:05 - mmengine - INFO - paramwise_options -- backbone.levels.3.blocks.2.norm1.weight:weight_decay=0.0
2025/12/14 18:54:05 - mmengine - INFO - paramwise_options -- backbone.levels.3.blocks.2.norm1.weight:decay_mult=0.0
2025/12/14 18:54:05 - mmengine - INFO - paramwise_options -- backbone.levels.3.blocks.2.norm1.bias:lr=0.0001
2025/12/14 18:54:05 - mmengine - INFO - paramwise_options -- backbone.levels.3.blocks.2.norm1.bias:weight_decay=0.0
2025/12/14 18:54:05 - mmengine - INFO - paramwise_options -- backbone.levels.3.blocks.2.norm1.bias:decay_mult=0.0
2025/12/14 18:54:05 - mmengine - INFO - paramwise_options -- backbone.levels.3.blocks.2.norm2.weight:lr=0.0001
2025/12/14 18:54:05 - mmengine - INFO - paramwise_options -- backbone.levels.3.blocks.2.norm2.weight:weight_decay=0.0
2025/12/14 18:54:05 - mmengine - INFO - paramwise_options -- backbone.levels.3.blocks.2.norm2.weight:decay_mult=0.0
2025/12/14 18:54:05 - mmengine - INFO - paramwise_options -- backbone.levels.3.blocks.2.norm2.bias:lr=0.0001
2025/12/14 18:54:05 - mmengine - INFO - paramwise_options -- backbone.levels.3.blocks.2.norm2.bias:weight_decay=0.0
2025/12/14 18:54:05 - mmengine - INFO - paramwise_options -- backbone.levels.3.blocks.2.norm2.bias:decay_mult=0.0
2025/12/14 18:54:05 - mmengine - INFO - paramwise_options -- backbone.levels.3.blocks.3.norm1.weight:lr=0.0001
2025/12/14 18:54:05 - mmengine - INFO - paramwise_options -- backbone.levels.3.blocks.3.norm1.weight:weight_decay=0.0
2025/12/14 18:54:05 - mmengine - INFO - paramwise_options -- backbone.levels.3.blocks.3.norm1.weight:decay_mult=0.0
2025/12/14 18:54:05 - mmengine - INFO - paramwise_options -- backbone.levels.3.blocks.3.norm1.bias:lr=0.0001
2025/12/14 18:54:05 - mmengine - INFO - paramwise_options -- backbone.levels.3.blocks.3.norm1.bias:weight_decay=0.0
2025/12/14 18:54:05 - mmengine - INFO - paramwise_options -- backbone.levels.3.blocks.3.norm1.bias:decay_mult=0.0
2025/12/14 18:54:05 - mmengine - INFO - paramwise_options -- backbone.levels.3.blocks.3.norm2.weight:lr=0.0001
2025/12/14 18:54:05 - mmengine - INFO - paramwise_options -- backbone.levels.3.blocks.3.norm2.weight:weight_decay=0.0
2025/12/14 18:54:05 - mmengine - INFO - paramwise_options -- backbone.levels.3.blocks.3.norm2.weight:decay_mult=0.0
2025/12/14 18:54:05 - mmengine - INFO - paramwise_options -- backbone.levels.3.blocks.3.norm2.bias:lr=0.0001
2025/12/14 18:54:05 - mmengine - INFO - paramwise_options -- backbone.levels.3.blocks.3.norm2.bias:weight_decay=0.0
2025/12/14 18:54:05 - mmengine - INFO - paramwise_options -- backbone.levels.3.blocks.3.norm2.bias:decay_mult=0.0
2025/12/14 18:54:05 - mmengine - INFO - paramwise_options -- backbone.outnorm0.weight:lr=0.0001
2025/12/14 18:54:05 - mmengine - INFO - paramwise_options -- backbone.outnorm0.weight:weight_decay=0.0
2025/12/14 18:54:05 - mmengine - INFO - paramwise_options -- backbone.outnorm0.weight:decay_mult=0.0
2025/12/14 18:54:05 - mmengine - INFO - paramwise_options -- backbone.outnorm0.bias:lr=0.0001
2025/12/14 18:54:05 - mmengine - INFO - paramwise_options -- backbone.outnorm0.bias:weight_decay=0.0
2025/12/14 18:54:05 - mmengine - INFO - paramwise_options -- backbone.outnorm0.bias:decay_mult=0.0
2025/12/14 18:54:05 - mmengine - INFO - paramwise_options -- backbone.outnorm1.weight:lr=0.0001
2025/12/14 18:54:05 - mmengine - INFO - paramwise_options -- backbone.outnorm1.weight:weight_decay=0.0
2025/12/14 18:54:05 - mmengine - INFO - paramwise_options -- backbone.outnorm1.weight:decay_mult=0.0
2025/12/14 18:54:05 - mmengine - INFO - paramwise_options -- backbone.outnorm1.bias:lr=0.0001
2025/12/14 18:54:05 - mmengine - INFO - paramwise_options -- backbone.outnorm1.bias:weight_decay=0.0
2025/12/14 18:54:05 - mmengine - INFO - paramwise_options -- backbone.outnorm1.bias:decay_mult=0.0
2025/12/14 18:54:05 - mmengine - INFO - paramwise_options -- backbone.outnorm2.weight:lr=0.0001
2025/12/14 18:54:05 - mmengine - INFO - paramwise_options -- backbone.outnorm2.weight:weight_decay=0.0
2025/12/14 18:54:05 - mmengine - INFO - paramwise_options -- backbone.outnorm2.weight:decay_mult=0.0
2025/12/14 18:54:05 - mmengine - INFO - paramwise_options -- backbone.outnorm2.bias:lr=0.0001
2025/12/14 18:54:05 - mmengine - INFO - paramwise_options -- backbone.outnorm2.bias:weight_decay=0.0
2025/12/14 18:54:05 - mmengine - INFO - paramwise_options -- backbone.outnorm2.bias:decay_mult=0.0
2025/12/14 18:54:05 - mmengine - INFO - paramwise_options -- backbone.outnorm3.weight:lr=0.0001
2025/12/14 18:54:05 - mmengine - INFO - paramwise_options -- backbone.outnorm3.weight:weight_decay=0.0
2025/12/14 18:54:05 - mmengine - INFO - paramwise_options -- backbone.outnorm3.weight:decay_mult=0.0
2025/12/14 18:54:05 - mmengine - INFO - paramwise_options -- backbone.outnorm3.bias:lr=0.0001
2025/12/14 18:54:05 - mmengine - INFO - paramwise_options -- backbone.outnorm3.bias:weight_decay=0.0
2025/12/14 18:54:05 - mmengine - INFO - paramwise_options -- backbone.outnorm3.bias:decay_mult=0.0
Name of parameter - Initialization information

backbone.patch_embed.conv_down.0.weight - torch.Size([32, 3, 3, 3]): 
The value is the same before and after calling `init_weights` of MaskRCNN  

backbone.patch_embed.conv_down.1.weight - torch.Size([32]): 
The value is the same before and after calling `init_weights` of MaskRCNN  

backbone.patch_embed.conv_down.1.bias - torch.Size([32]): 
The value is the same before and after calling `init_weights` of MaskRCNN  

backbone.patch_embed.conv_down.3.weight - torch.Size([80, 32, 3, 3]): 
The value is the same before and after calling `init_weights` of MaskRCNN  

backbone.patch_embed.conv_down.4.weight - torch.Size([80]): 
The value is the same before and after calling `init_weights` of MaskRCNN  

backbone.patch_embed.conv_down.4.bias - torch.Size([80]): 
The value is the same before and after calling `init_weights` of MaskRCNN  

backbone.levels.0.blocks.0.conv1.weight - torch.Size([80, 80, 3, 3]): 
The value is the same before and after calling `init_weights` of MaskRCNN  

backbone.levels.0.blocks.0.conv1.bias - torch.Size([80]): 
The value is the same before and after calling `init_weights` of MaskRCNN  

backbone.levels.0.blocks.0.norm1.weight - torch.Size([80]): 
The value is the same before and after calling `init_weights` of MaskRCNN  

backbone.levels.0.blocks.0.norm1.bias - torch.Size([80]): 
The value is the same before and after calling `init_weights` of MaskRCNN  

backbone.levels.0.blocks.0.conv2.weight - torch.Size([80, 80, 3, 3]): 
The value is the same before and after calling `init_weights` of MaskRCNN  

backbone.levels.0.blocks.0.conv2.bias - torch.Size([80]): 
The value is the same before and after calling `init_weights` of MaskRCNN  

backbone.levels.0.blocks.0.norm2.weight - torch.Size([80]): 
The value is the same before and after calling `init_weights` of MaskRCNN  

backbone.levels.0.blocks.0.norm2.bias - torch.Size([80]): 
The value is the same before and after calling `init_weights` of MaskRCNN  

backbone.levels.0.downsample.reduction.0.weight - torch.Size([160, 80, 3, 3]): 
The value is the same before and after calling `init_weights` of MaskRCNN  

backbone.levels.1.blocks.0.conv1.weight - torch.Size([160, 160, 3, 3]): 
The value is the same before and after calling `init_weights` of MaskRCNN  

backbone.levels.1.blocks.0.conv1.bias - torch.Size([160]): 
The value is the same before and after calling `init_weights` of MaskRCNN  

backbone.levels.1.blocks.0.norm1.weight - torch.Size([160]): 
The value is the same before and after calling `init_weights` of MaskRCNN  

backbone.levels.1.blocks.0.norm1.bias - torch.Size([160]): 
The value is the same before and after calling `init_weights` of MaskRCNN  

backbone.levels.1.blocks.0.conv2.weight - torch.Size([160, 160, 3, 3]): 
The value is the same before and after calling `init_weights` of MaskRCNN  

backbone.levels.1.blocks.0.conv2.bias - torch.Size([160]): 
The value is the same before and after calling `init_weights` of MaskRCNN  

backbone.levels.1.blocks.0.norm2.weight - torch.Size([160]): 
The value is the same before and after calling `init_weights` of MaskRCNN  

backbone.levels.1.blocks.0.norm2.bias - torch.Size([160]): 
The value is the same before and after calling `init_weights` of MaskRCNN  

backbone.levels.1.blocks.1.conv1.weight - torch.Size([160, 160, 3, 3]): 
The value is the same before and after calling `init_weights` of MaskRCNN  

backbone.levels.1.blocks.1.conv1.bias - torch.Size([160]): 
The value is the same before and after calling `init_weights` of MaskRCNN  

backbone.levels.1.blocks.1.norm1.weight - torch.Size([160]): 
The value is the same before and after calling `init_weights` of MaskRCNN  

backbone.levels.1.blocks.1.norm1.bias - torch.Size([160]): 
The value is the same before and after calling `init_weights` of MaskRCNN  

backbone.levels.1.blocks.1.conv2.weight - torch.Size([160, 160, 3, 3]): 
The value is the same before and after calling `init_weights` of MaskRCNN  

backbone.levels.1.blocks.1.conv2.bias - torch.Size([160]): 
The value is the same before and after calling `init_weights` of MaskRCNN  

backbone.levels.1.blocks.1.norm2.weight - torch.Size([160]): 
The value is the same before and after calling `init_weights` of MaskRCNN  

backbone.levels.1.blocks.1.norm2.bias - torch.Size([160]): 
The value is the same before and after calling `init_weights` of MaskRCNN  

backbone.levels.1.blocks.2.conv1.weight - torch.Size([160, 160, 3, 3]): 
The value is the same before and after calling `init_weights` of MaskRCNN  

backbone.levels.1.blocks.2.conv1.bias - torch.Size([160]): 
The value is the same before and after calling `init_weights` of MaskRCNN  

backbone.levels.1.blocks.2.norm1.weight - torch.Size([160]): 
The value is the same before and after calling `init_weights` of MaskRCNN  

backbone.levels.1.blocks.2.norm1.bias - torch.Size([160]): 
The value is the same before and after calling `init_weights` of MaskRCNN  

backbone.levels.1.blocks.2.conv2.weight - torch.Size([160, 160, 3, 3]): 
The value is the same before and after calling `init_weights` of MaskRCNN  

backbone.levels.1.blocks.2.conv2.bias - torch.Size([160]): 
The value is the same before and after calling `init_weights` of MaskRCNN  

backbone.levels.1.blocks.2.norm2.weight - torch.Size([160]): 
The value is the same before and after calling `init_weights` of MaskRCNN  

backbone.levels.1.blocks.2.norm2.bias - torch.Size([160]): 
The value is the same before and after calling `init_weights` of MaskRCNN  

backbone.levels.1.downsample.reduction.0.weight - torch.Size([320, 160, 3, 3]): 
The value is the same before and after calling `init_weights` of MaskRCNN  

backbone.levels.2.blocks.0.norm1.weight - torch.Size([320]): 
The value is the same before and after calling `init_weights` of MaskRCNN  

backbone.levels.2.blocks.0.norm1.bias - torch.Size([320]): 
The value is the same before and after calling `init_weights` of MaskRCNN  

backbone.levels.2.blocks.0.mixer.in_proj.weight - torch.Size([320, 320]): 
The value is the same before and after calling `init_weights` of MaskRCNN  

backbone.levels.2.blocks.0.mixer.out_proj.weight - torch.Size([320, 320]): 
The value is the same before and after calling `init_weights` of MaskRCNN  

backbone.levels.2.blocks.0.mixer.conv1d_x.weight - torch.Size([160, 1, 3]): 
The value is the same before and after calling `init_weights` of MaskRCNN  

backbone.levels.2.blocks.0.mixer.conv1d_z.weight - torch.Size([160, 1, 3]): 
The value is the same before and after calling `init_weights` of MaskRCNN  

backbone.levels.2.blocks.0.norm2.weight - torch.Size([320]): 
The value is the same before and after calling `init_weights` of MaskRCNN  

backbone.levels.2.blocks.0.norm2.bias - torch.Size([320]): 
The value is the same before and after calling `init_weights` of MaskRCNN  

backbone.levels.2.blocks.0.mlp.fc1.weight - torch.Size([1280, 320]): 
The value is the same before and after calling `init_weights` of MaskRCNN  

backbone.levels.2.blocks.0.mlp.fc1.bias - torch.Size([1280]): 
The value is the same before and after calling `init_weights` of MaskRCNN  

backbone.levels.2.blocks.0.mlp.fc2.weight - torch.Size([320, 1280]): 
The value is the same before and after calling `init_weights` of MaskRCNN  

backbone.levels.2.blocks.0.mlp.fc2.bias - torch.Size([320]): 
The value is the same before and after calling `init_weights` of MaskRCNN  

backbone.levels.2.blocks.1.norm1.weight - torch.Size([320]): 
The value is the same before and after calling `init_weights` of MaskRCNN  

backbone.levels.2.blocks.1.norm1.bias - torch.Size([320]): 
The value is the same before and after calling `init_weights` of MaskRCNN  

backbone.levels.2.blocks.1.mixer.in_proj.weight - torch.Size([320, 320]): 
The value is the same before and after calling `init_weights` of MaskRCNN  

backbone.levels.2.blocks.1.mixer.out_proj.weight - torch.Size([320, 320]): 
The value is the same before and after calling `init_weights` of MaskRCNN  

backbone.levels.2.blocks.1.mixer.conv1d_x.weight - torch.Size([160, 1, 3]): 
The value is the same before and after calling `init_weights` of MaskRCNN  

backbone.levels.2.blocks.1.mixer.conv1d_z.weight - torch.Size([160, 1, 3]): 
The value is the same before and after calling `init_weights` of MaskRCNN  

backbone.levels.2.blocks.1.norm2.weight - torch.Size([320]): 
The value is the same before and after calling `init_weights` of MaskRCNN  

backbone.levels.2.blocks.1.norm2.bias - torch.Size([320]): 
The value is the same before and after calling `init_weights` of MaskRCNN  

backbone.levels.2.blocks.1.mlp.fc1.weight - torch.Size([1280, 320]): 
The value is the same before and after calling `init_weights` of MaskRCNN  

backbone.levels.2.blocks.1.mlp.fc1.bias - torch.Size([1280]): 
The value is the same before and after calling `init_weights` of MaskRCNN  

backbone.levels.2.blocks.1.mlp.fc2.weight - torch.Size([320, 1280]): 
The value is the same before and after calling `init_weights` of MaskRCNN  

backbone.levels.2.blocks.1.mlp.fc2.bias - torch.Size([320]): 
The value is the same before and after calling `init_weights` of MaskRCNN  

backbone.levels.2.blocks.2.norm1.weight - torch.Size([320]): 
The value is the same before and after calling `init_weights` of MaskRCNN  

backbone.levels.2.blocks.2.norm1.bias - torch.Size([320]): 
The value is the same before and after calling `init_weights` of MaskRCNN  

backbone.levels.2.blocks.2.mixer.in_proj.weight - torch.Size([320, 320]): 
The value is the same before and after calling `init_weights` of MaskRCNN  

backbone.levels.2.blocks.2.mixer.out_proj.weight - torch.Size([320, 320]): 
The value is the same before and after calling `init_weights` of MaskRCNN  

backbone.levels.2.blocks.2.mixer.conv1d_x.weight - torch.Size([160, 1, 3]): 
The value is the same before and after calling `init_weights` of MaskRCNN  

backbone.levels.2.blocks.2.mixer.conv1d_z.weight - torch.Size([160, 1, 3]): 
The value is the same before and after calling `init_weights` of MaskRCNN  

backbone.levels.2.blocks.2.norm2.weight - torch.Size([320]): 
The value is the same before and after calling `init_weights` of MaskRCNN  

backbone.levels.2.blocks.2.norm2.bias - torch.Size([320]): 
The value is the same before and after calling `init_weights` of MaskRCNN  

backbone.levels.2.blocks.2.mlp.fc1.weight - torch.Size([1280, 320]): 
The value is the same before and after calling `init_weights` of MaskRCNN  

backbone.levels.2.blocks.2.mlp.fc1.bias - torch.Size([1280]): 
The value is the same before and after calling `init_weights` of MaskRCNN  

backbone.levels.2.blocks.2.mlp.fc2.weight - torch.Size([320, 1280]): 
The value is the same before and after calling `init_weights` of MaskRCNN  

backbone.levels.2.blocks.2.mlp.fc2.bias - torch.Size([320]): 
The value is the same before and after calling `init_weights` of MaskRCNN  

backbone.levels.2.blocks.3.norm1.weight - torch.Size([320]): 
The value is the same before and after calling `init_weights` of MaskRCNN  

backbone.levels.2.blocks.3.norm1.bias - torch.Size([320]): 
The value is the same before and after calling `init_weights` of MaskRCNN  

backbone.levels.2.blocks.3.mixer.in_proj.weight - torch.Size([320, 320]): 
The value is the same before and after calling `init_weights` of MaskRCNN  

backbone.levels.2.blocks.3.mixer.out_proj.weight - torch.Size([320, 320]): 
The value is the same before and after calling `init_weights` of MaskRCNN  

backbone.levels.2.blocks.3.mixer.conv1d_x.weight - torch.Size([160, 1, 3]): 
The value is the same before and after calling `init_weights` of MaskRCNN  

backbone.levels.2.blocks.3.mixer.conv1d_z.weight - torch.Size([160, 1, 3]): 
The value is the same before and after calling `init_weights` of MaskRCNN  

backbone.levels.2.blocks.3.norm2.weight - torch.Size([320]): 
The value is the same before and after calling `init_weights` of MaskRCNN  

backbone.levels.2.blocks.3.norm2.bias - torch.Size([320]): 
The value is the same before and after calling `init_weights` of MaskRCNN  

backbone.levels.2.blocks.3.mlp.fc1.weight - torch.Size([1280, 320]): 
The value is the same before and after calling `init_weights` of MaskRCNN  

backbone.levels.2.blocks.3.mlp.fc1.bias - torch.Size([1280]): 
The value is the same before and after calling `init_weights` of MaskRCNN  

backbone.levels.2.blocks.3.mlp.fc2.weight - torch.Size([320, 1280]): 
The value is the same before and after calling `init_weights` of MaskRCNN  

backbone.levels.2.blocks.3.mlp.fc2.bias - torch.Size([320]): 
The value is the same before and after calling `init_weights` of MaskRCNN  

backbone.levels.2.blocks.4.norm1.weight - torch.Size([320]): 
The value is the same before and after calling `init_weights` of MaskRCNN  

backbone.levels.2.blocks.4.norm1.bias - torch.Size([320]): 
The value is the same before and after calling `init_weights` of MaskRCNN  

backbone.levels.2.blocks.4.mixer.qkv.weight - torch.Size([960, 320]): 
The value is the same before and after calling `init_weights` of MaskRCNN  

backbone.levels.2.blocks.4.mixer.qkv.bias - torch.Size([960]): 
The value is the same before and after calling `init_weights` of MaskRCNN  

backbone.levels.2.blocks.4.mixer.proj.weight - torch.Size([320, 320]): 
The value is the same before and after calling `init_weights` of MaskRCNN  

backbone.levels.2.blocks.4.mixer.proj.bias - torch.Size([320]): 
The value is the same before and after calling `init_weights` of MaskRCNN  

backbone.levels.2.blocks.4.norm2.weight - torch.Size([320]): 
The value is the same before and after calling `init_weights` of MaskRCNN  

backbone.levels.2.blocks.4.norm2.bias - torch.Size([320]): 
The value is the same before and after calling `init_weights` of MaskRCNN  

backbone.levels.2.blocks.4.mlp.fc1.weight - torch.Size([1280, 320]): 
The value is the same before and after calling `init_weights` of MaskRCNN  

backbone.levels.2.blocks.4.mlp.fc1.bias - torch.Size([1280]): 
The value is the same before and after calling `init_weights` of MaskRCNN  

backbone.levels.2.blocks.4.mlp.fc2.weight - torch.Size([320, 1280]): 
The value is the same before and after calling `init_weights` of MaskRCNN  

backbone.levels.2.blocks.4.mlp.fc2.bias - torch.Size([320]): 
The value is the same before and after calling `init_weights` of MaskRCNN  

backbone.levels.2.blocks.5.norm1.weight - torch.Size([320]): 
The value is the same before and after calling `init_weights` of MaskRCNN  

backbone.levels.2.blocks.5.norm1.bias - torch.Size([320]): 
The value is the same before and after calling `init_weights` of MaskRCNN  

backbone.levels.2.blocks.5.mixer.qkv.weight - torch.Size([960, 320]): 
The value is the same before and after calling `init_weights` of MaskRCNN  

backbone.levels.2.blocks.5.mixer.qkv.bias - torch.Size([960]): 
The value is the same before and after calling `init_weights` of MaskRCNN  

backbone.levels.2.blocks.5.mixer.proj.weight - torch.Size([320, 320]): 
The value is the same before and after calling `init_weights` of MaskRCNN  

backbone.levels.2.blocks.5.mixer.proj.bias - torch.Size([320]): 
The value is the same before and after calling `init_weights` of MaskRCNN  

backbone.levels.2.blocks.5.norm2.weight - torch.Size([320]): 
The value is the same before and after calling `init_weights` of MaskRCNN  

backbone.levels.2.blocks.5.norm2.bias - torch.Size([320]): 
The value is the same before and after calling `init_weights` of MaskRCNN  

backbone.levels.2.blocks.5.mlp.fc1.weight - torch.Size([1280, 320]): 
The value is the same before and after calling `init_weights` of MaskRCNN  

backbone.levels.2.blocks.5.mlp.fc1.bias - torch.Size([1280]): 
The value is the same before and after calling `init_weights` of MaskRCNN  

backbone.levels.2.blocks.5.mlp.fc2.weight - torch.Size([320, 1280]): 
The value is the same before and after calling `init_weights` of MaskRCNN  

backbone.levels.2.blocks.5.mlp.fc2.bias - torch.Size([320]): 
The value is the same before and after calling `init_weights` of MaskRCNN  

backbone.levels.2.blocks.6.norm1.weight - torch.Size([320]): 
The value is the same before and after calling `init_weights` of MaskRCNN  

backbone.levels.2.blocks.6.norm1.bias - torch.Size([320]): 
The value is the same before and after calling `init_weights` of MaskRCNN  

backbone.levels.2.blocks.6.mixer.qkv.weight - torch.Size([960, 320]): 
The value is the same before and after calling `init_weights` of MaskRCNN  

backbone.levels.2.blocks.6.mixer.qkv.bias - torch.Size([960]): 
The value is the same before and after calling `init_weights` of MaskRCNN  

backbone.levels.2.blocks.6.mixer.proj.weight - torch.Size([320, 320]): 
The value is the same before and after calling `init_weights` of MaskRCNN  

backbone.levels.2.blocks.6.mixer.proj.bias - torch.Size([320]): 
The value is the same before and after calling `init_weights` of MaskRCNN  

backbone.levels.2.blocks.6.norm2.weight - torch.Size([320]): 
The value is the same before and after calling `init_weights` of MaskRCNN  

backbone.levels.2.blocks.6.norm2.bias - torch.Size([320]): 
The value is the same before and after calling `init_weights` of MaskRCNN  

backbone.levels.2.blocks.6.mlp.fc1.weight - torch.Size([1280, 320]): 
The value is the same before and after calling `init_weights` of MaskRCNN  

backbone.levels.2.blocks.6.mlp.fc1.bias - torch.Size([1280]): 
The value is the same before and after calling `init_weights` of MaskRCNN  

backbone.levels.2.blocks.6.mlp.fc2.weight - torch.Size([320, 1280]): 
The value is the same before and after calling `init_weights` of MaskRCNN  

backbone.levels.2.blocks.6.mlp.fc2.bias - torch.Size([320]): 
The value is the same before and after calling `init_weights` of MaskRCNN  

backbone.levels.2.blocks.7.norm1.weight - torch.Size([320]): 
The value is the same before and after calling `init_weights` of MaskRCNN  

backbone.levels.2.blocks.7.norm1.bias - torch.Size([320]): 
The value is the same before and after calling `init_weights` of MaskRCNN  

backbone.levels.2.blocks.7.mixer.qkv.weight - torch.Size([960, 320]): 
The value is the same before and after calling `init_weights` of MaskRCNN  

backbone.levels.2.blocks.7.mixer.qkv.bias - torch.Size([960]): 
The value is the same before and after calling `init_weights` of MaskRCNN  

backbone.levels.2.blocks.7.mixer.proj.weight - torch.Size([320, 320]): 
The value is the same before and after calling `init_weights` of MaskRCNN  

backbone.levels.2.blocks.7.mixer.proj.bias - torch.Size([320]): 
The value is the same before and after calling `init_weights` of MaskRCNN  

backbone.levels.2.blocks.7.norm2.weight - torch.Size([320]): 
The value is the same before and after calling `init_weights` of MaskRCNN  

backbone.levels.2.blocks.7.norm2.bias - torch.Size([320]): 
The value is the same before and after calling `init_weights` of MaskRCNN  

backbone.levels.2.blocks.7.mlp.fc1.weight - torch.Size([1280, 320]): 
The value is the same before and after calling `init_weights` of MaskRCNN  

backbone.levels.2.blocks.7.mlp.fc1.bias - torch.Size([1280]): 
The value is the same before and after calling `init_weights` of MaskRCNN  

backbone.levels.2.blocks.7.mlp.fc2.weight - torch.Size([320, 1280]): 
The value is the same before and after calling `init_weights` of MaskRCNN  

backbone.levels.2.blocks.7.mlp.fc2.bias - torch.Size([320]): 
The value is the same before and after calling `init_weights` of MaskRCNN  

backbone.levels.2.downsample.reduction.0.weight - torch.Size([640, 320, 3, 3]): 
The value is the same before and after calling `init_weights` of MaskRCNN  

backbone.levels.3.blocks.0.norm1.weight - torch.Size([640]): 
The value is the same before and after calling `init_weights` of MaskRCNN  

backbone.levels.3.blocks.0.norm1.bias - torch.Size([640]): 
The value is the same before and after calling `init_weights` of MaskRCNN  

backbone.levels.3.blocks.0.mixer.in_proj.weight - torch.Size([640, 640]): 
The value is the same before and after calling `init_weights` of MaskRCNN  

backbone.levels.3.blocks.0.mixer.out_proj.weight - torch.Size([640, 640]): 
The value is the same before and after calling `init_weights` of MaskRCNN  

backbone.levels.3.blocks.0.mixer.conv1d_x.weight - torch.Size([320, 1, 3]): 
The value is the same before and after calling `init_weights` of MaskRCNN  

backbone.levels.3.blocks.0.mixer.conv1d_z.weight - torch.Size([320, 1, 3]): 
The value is the same before and after calling `init_weights` of MaskRCNN  

backbone.levels.3.blocks.0.norm2.weight - torch.Size([640]): 
The value is the same before and after calling `init_weights` of MaskRCNN  

backbone.levels.3.blocks.0.norm2.bias - torch.Size([640]): 
The value is the same before and after calling `init_weights` of MaskRCNN  

backbone.levels.3.blocks.0.mlp.fc1.weight - torch.Size([2560, 640]): 
The value is the same before and after calling `init_weights` of MaskRCNN  

backbone.levels.3.blocks.0.mlp.fc1.bias - torch.Size([2560]): 
The value is the same before and after calling `init_weights` of MaskRCNN  

backbone.levels.3.blocks.0.mlp.fc2.weight - torch.Size([640, 2560]): 
The value is the same before and after calling `init_weights` of MaskRCNN  

backbone.levels.3.blocks.0.mlp.fc2.bias - torch.Size([640]): 
The value is the same before and after calling `init_weights` of MaskRCNN  

backbone.levels.3.blocks.1.norm1.weight - torch.Size([640]): 
The value is the same before and after calling `init_weights` of MaskRCNN  

backbone.levels.3.blocks.1.norm1.bias - torch.Size([640]): 
The value is the same before and after calling `init_weights` of MaskRCNN  

backbone.levels.3.blocks.1.mixer.in_proj.weight - torch.Size([640, 640]): 
The value is the same before and after calling `init_weights` of MaskRCNN  

backbone.levels.3.blocks.1.mixer.out_proj.weight - torch.Size([640, 640]): 
The value is the same before and after calling `init_weights` of MaskRCNN  

backbone.levels.3.blocks.1.mixer.conv1d_x.weight - torch.Size([320, 1, 3]): 
The value is the same before and after calling `init_weights` of MaskRCNN  

backbone.levels.3.blocks.1.mixer.conv1d_z.weight - torch.Size([320, 1, 3]): 
The value is the same before and after calling `init_weights` of MaskRCNN  

backbone.levels.3.blocks.1.norm2.weight - torch.Size([640]): 
The value is the same before and after calling `init_weights` of MaskRCNN  

backbone.levels.3.blocks.1.norm2.bias - torch.Size([640]): 
The value is the same before and after calling `init_weights` of MaskRCNN  

backbone.levels.3.blocks.1.mlp.fc1.weight - torch.Size([2560, 640]): 
The value is the same before and after calling `init_weights` of MaskRCNN  

backbone.levels.3.blocks.1.mlp.fc1.bias - torch.Size([2560]): 
The value is the same before and after calling `init_weights` of MaskRCNN  

backbone.levels.3.blocks.1.mlp.fc2.weight - torch.Size([640, 2560]): 
The value is the same before and after calling `init_weights` of MaskRCNN  

backbone.levels.3.blocks.1.mlp.fc2.bias - torch.Size([640]): 
The value is the same before and after calling `init_weights` of MaskRCNN  

backbone.levels.3.blocks.2.norm1.weight - torch.Size([640]): 
The value is the same before and after calling `init_weights` of MaskRCNN  

backbone.levels.3.blocks.2.norm1.bias - torch.Size([640]): 
The value is the same before and after calling `init_weights` of MaskRCNN  

backbone.levels.3.blocks.2.mixer.qkv.weight - torch.Size([1920, 640]): 
The value is the same before and after calling `init_weights` of MaskRCNN  

backbone.levels.3.blocks.2.mixer.qkv.bias - torch.Size([1920]): 
The value is the same before and after calling `init_weights` of MaskRCNN  

backbone.levels.3.blocks.2.mixer.proj.weight - torch.Size([640, 640]): 
The value is the same before and after calling `init_weights` of MaskRCNN  

backbone.levels.3.blocks.2.mixer.proj.bias - torch.Size([640]): 
The value is the same before and after calling `init_weights` of MaskRCNN  

backbone.levels.3.blocks.2.norm2.weight - torch.Size([640]): 
The value is the same before and after calling `init_weights` of MaskRCNN  

backbone.levels.3.blocks.2.norm2.bias - torch.Size([640]): 
The value is the same before and after calling `init_weights` of MaskRCNN  

backbone.levels.3.blocks.2.mlp.fc1.weight - torch.Size([2560, 640]): 
The value is the same before and after calling `init_weights` of MaskRCNN  

backbone.levels.3.blocks.2.mlp.fc1.bias - torch.Size([2560]): 
The value is the same before and after calling `init_weights` of MaskRCNN  

backbone.levels.3.blocks.2.mlp.fc2.weight - torch.Size([640, 2560]): 
The value is the same before and after calling `init_weights` of MaskRCNN  

backbone.levels.3.blocks.2.mlp.fc2.bias - torch.Size([640]): 
The value is the same before and after calling `init_weights` of MaskRCNN  

backbone.levels.3.blocks.3.norm1.weight - torch.Size([640]): 
The value is the same before and after calling `init_weights` of MaskRCNN  

backbone.levels.3.blocks.3.norm1.bias - torch.Size([640]): 
The value is the same before and after calling `init_weights` of MaskRCNN  

backbone.levels.3.blocks.3.mixer.qkv.weight - torch.Size([1920, 640]): 
The value is the same before and after calling `init_weights` of MaskRCNN  

backbone.levels.3.blocks.3.mixer.qkv.bias - torch.Size([1920]): 
The value is the same before and after calling `init_weights` of MaskRCNN  

backbone.levels.3.blocks.3.mixer.proj.weight - torch.Size([640, 640]): 
The value is the same before and after calling `init_weights` of MaskRCNN  

backbone.levels.3.blocks.3.mixer.proj.bias - torch.Size([640]): 
The value is the same before and after calling `init_weights` of MaskRCNN  

backbone.levels.3.blocks.3.norm2.weight - torch.Size([640]): 
The value is the same before and after calling `init_weights` of MaskRCNN  

backbone.levels.3.blocks.3.norm2.bias - torch.Size([640]): 
The value is the same before and after calling `init_weights` of MaskRCNN  

backbone.levels.3.blocks.3.mlp.fc1.weight - torch.Size([2560, 640]): 
The value is the same before and after calling `init_weights` of MaskRCNN  

backbone.levels.3.blocks.3.mlp.fc1.bias - torch.Size([2560]): 
The value is the same before and after calling `init_weights` of MaskRCNN  

backbone.levels.3.blocks.3.mlp.fc2.weight - torch.Size([640, 2560]): 
The value is the same before and after calling `init_weights` of MaskRCNN  

backbone.levels.3.blocks.3.mlp.fc2.bias - torch.Size([640]): 
The value is the same before and after calling `init_weights` of MaskRCNN  

backbone.outnorm0.weight - torch.Size([80]): 
The value is the same before and after calling `init_weights` of MaskRCNN  

backbone.outnorm0.bias - torch.Size([80]): 
The value is the same before and after calling `init_weights` of MaskRCNN  

backbone.outnorm1.weight - torch.Size([160]): 
The value is the same before and after calling `init_weights` of MaskRCNN  

backbone.outnorm1.bias - torch.Size([160]): 
The value is the same before and after calling `init_weights` of MaskRCNN  

backbone.outnorm2.weight - torch.Size([320]): 
The value is the same before and after calling `init_weights` of MaskRCNN  

backbone.outnorm2.bias - torch.Size([320]): 
The value is the same before and after calling `init_weights` of MaskRCNN  

backbone.outnorm3.weight - torch.Size([640]): 
The value is the same before and after calling `init_weights` of MaskRCNN  

backbone.outnorm3.bias - torch.Size([640]): 
The value is the same before and after calling `init_weights` of MaskRCNN  

neck.lateral_convs.0.conv.weight - torch.Size([256, 80, 1, 1]): 
XavierInit: gain=1, distribution=uniform, bias=0 

neck.lateral_convs.0.conv.bias - torch.Size([256]): 
The value is the same before and after calling `init_weights` of MaskRCNN  

neck.lateral_convs.1.conv.weight - torch.Size([256, 160, 1, 1]): 
XavierInit: gain=1, distribution=uniform, bias=0 

neck.lateral_convs.1.conv.bias - torch.Size([256]): 
The value is the same before and after calling `init_weights` of MaskRCNN  

neck.lateral_convs.2.conv.weight - torch.Size([256, 320, 1, 1]): 
XavierInit: gain=1, distribution=uniform, bias=0 

neck.lateral_convs.2.conv.bias - torch.Size([256]): 
The value is the same before and after calling `init_weights` of MaskRCNN  

neck.lateral_convs.3.conv.weight - torch.Size([256, 640, 1, 1]): 
XavierInit: gain=1, distribution=uniform, bias=0 

neck.lateral_convs.3.conv.bias - torch.Size([256]): 
The value is the same before and after calling `init_weights` of MaskRCNN  

neck.fpn_convs.0.conv.weight - torch.Size([256, 256, 3, 3]): 
XavierInit: gain=1, distribution=uniform, bias=0 

neck.fpn_convs.0.conv.bias - torch.Size([256]): 
The value is the same before and after calling `init_weights` of MaskRCNN  

neck.fpn_convs.1.conv.weight - torch.Size([256, 256, 3, 3]): 
XavierInit: gain=1, distribution=uniform, bias=0 

neck.fpn_convs.1.conv.bias - torch.Size([256]): 
The value is the same before and after calling `init_weights` of MaskRCNN  

neck.fpn_convs.2.conv.weight - torch.Size([256, 256, 3, 3]): 
XavierInit: gain=1, distribution=uniform, bias=0 

neck.fpn_convs.2.conv.bias - torch.Size([256]): 
The value is the same before and after calling `init_weights` of MaskRCNN  

neck.fpn_convs.3.conv.weight - torch.Size([256, 256, 3, 3]): 
XavierInit: gain=1, distribution=uniform, bias=0 

neck.fpn_convs.3.conv.bias - torch.Size([256]): 
The value is the same before and after calling `init_weights` of MaskRCNN  

rpn_head.rpn_conv.weight - torch.Size([256, 256, 3, 3]): 
NormalInit: mean=0, std=0.01, bias=0 

rpn_head.rpn_conv.bias - torch.Size([256]): 
NormalInit: mean=0, std=0.01, bias=0 

rpn_head.rpn_cls.weight - torch.Size([3, 256, 1, 1]): 
NormalInit: mean=0, std=0.01, bias=0 

rpn_head.rpn_cls.bias - torch.Size([3]): 
NormalInit: mean=0, std=0.01, bias=0 

rpn_head.rpn_reg.weight - torch.Size([12, 256, 1, 1]): 
NormalInit: mean=0, std=0.01, bias=0 

rpn_head.rpn_reg.bias - torch.Size([12]): 
NormalInit: mean=0, std=0.01, bias=0 

roi_head.bbox_head.fc_cls.weight - torch.Size([81, 1024]): 
NormalInit: mean=0, std=0.01, bias=0 

roi_head.bbox_head.fc_cls.bias - torch.Size([81]): 
NormalInit: mean=0, std=0.01, bias=0 

roi_head.bbox_head.fc_reg.weight - torch.Size([320, 1024]): 
NormalInit: mean=0, std=0.001, bias=0 

roi_head.bbox_head.fc_reg.bias - torch.Size([320]): 
NormalInit: mean=0, std=0.001, bias=0 

roi_head.bbox_head.shared_convs.0.conv.weight - torch.Size([256, 256, 3, 3]): 
The value is the same before and after calling `init_weights` of MaskRCNN  

roi_head.bbox_head.shared_convs.0.bn.weight - torch.Size([256]): 
The value is the same before and after calling `init_weights` of MaskRCNN  

roi_head.bbox_head.shared_convs.0.bn.bias - torch.Size([256]): 
The value is the same before and after calling `init_weights` of MaskRCNN  

roi_head.bbox_head.shared_convs.1.conv.weight - torch.Size([256, 256, 3, 3]): 
The value is the same before and after calling `init_weights` of MaskRCNN  

roi_head.bbox_head.shared_convs.1.bn.weight - torch.Size([256]): 
The value is the same before and after calling `init_weights` of MaskRCNN  

roi_head.bbox_head.shared_convs.1.bn.bias - torch.Size([256]): 
The value is the same before and after calling `init_weights` of MaskRCNN  

roi_head.bbox_head.shared_convs.2.conv.weight - torch.Size([256, 256, 3, 3]): 
The value is the same before and after calling `init_weights` of MaskRCNN  

roi_head.bbox_head.shared_convs.2.bn.weight - torch.Size([256]): 
The value is the same before and after calling `init_weights` of MaskRCNN  

roi_head.bbox_head.shared_convs.2.bn.bias - torch.Size([256]): 
The value is the same before and after calling `init_weights` of MaskRCNN  

roi_head.bbox_head.shared_convs.3.conv.weight - torch.Size([256, 256, 3, 3]): 
The value is the same before and after calling `init_weights` of MaskRCNN  

roi_head.bbox_head.shared_convs.3.bn.weight - torch.Size([256]): 
The value is the same before and after calling `init_weights` of MaskRCNN  

roi_head.bbox_head.shared_convs.3.bn.bias - torch.Size([256]): 
The value is the same before and after calling `init_weights` of MaskRCNN  

roi_head.bbox_head.shared_fcs.0.weight - torch.Size([1024, 12544]): 
XavierInit: gain=1, distribution=uniform, bias=0 

roi_head.bbox_head.shared_fcs.0.bias - torch.Size([1024]): 
XavierInit: gain=1, distribution=uniform, bias=0 

roi_head.mask_head.convs.0.conv.weight - torch.Size([256, 256, 3, 3]): 
Initialized by user-defined `init_weights` in ConvModule  

roi_head.mask_head.convs.0.conv.bias - torch.Size([256]): 
The value is the same before and after calling `init_weights` of MaskRCNN  

roi_head.mask_head.convs.1.conv.weight - torch.Size([256, 256, 3, 3]): 
Initialized by user-defined `init_weights` in ConvModule  

roi_head.mask_head.convs.1.conv.bias - torch.Size([256]): 
The value is the same before and after calling `init_weights` of MaskRCNN  

roi_head.mask_head.convs.2.conv.weight - torch.Size([256, 256, 3, 3]): 
Initialized by user-defined `init_weights` in ConvModule  

roi_head.mask_head.convs.2.conv.bias - torch.Size([256]): 
The value is the same before and after calling `init_weights` of MaskRCNN  

roi_head.mask_head.convs.3.conv.weight - torch.Size([256, 256, 3, 3]): 
Initialized by user-defined `init_weights` in ConvModule  

roi_head.mask_head.convs.3.conv.bias - torch.Size([256]): 
The value is the same before and after calling `init_weights` of MaskRCNN  

roi_head.mask_head.upsample.weight - torch.Size([256, 256, 2, 2]): 
Initialized by user-defined `init_weights` in FCNMaskHead  

roi_head.mask_head.upsample.bias - torch.Size([256]): 
Initialized by user-defined `init_weights` in FCNMaskHead  

roi_head.mask_head.conv_logits.weight - torch.Size([80, 256, 1, 1]): 
Initialized by user-defined `init_weights` in FCNMaskHead  

roi_head.mask_head.conv_logits.bias - torch.Size([80]): 
Initialized by user-defined `init_weights` in FCNMaskHead  
2025/12/14 18:54:09 - mmengine - INFO - Auto resumed from the latest checkpoint /home/chenhao/MambaVision/work_dirs/mamba_out_vision_t_object_detection/epoch_8.pth.
2025/12/14 18:54:12 - mmengine - INFO - Load checkpoint from /home/chenhao/MambaVision/work_dirs/mamba_out_vision_t_object_detection/epoch_8.pth
2025/12/14 18:54:12 - mmengine - INFO - resumed epoch: 8, iter: 58640
2025/12/14 18:54:12 - mmengine - WARNING - "FileClient" will be deprecated in future. Please use io functions in https://mmengine.readthedocs.io/en/latest/api/fileio.html#file-io
2025/12/14 18:54:12 - mmengine - WARNING - "HardDiskBackend" is the alias of "LocalBackend" and the former will be deprecated in future.
2025/12/14 18:54:12 - mmengine - INFO - Checkpoints will be saved to /home/chenhao/MambaVision/work_dirs/mamba_out_vision_t_object_detection.
2025/12/14 18:55:17 - mmengine - INFO - Epoch(train)  [9][  50/7330]  base_lr: 1.0000e-05 lr: 1.0000e-05  eta: 10:33:00  time: 1.2976  data_time: 0.0428  memory: 9398  loss: 0.7899  loss_rpn_cls: 0.0359  loss_rpn_bbox: 0.0452  loss_cls: 0.2063  acc: 88.3301  loss_bbox: 0.2506  loss_mask: 0.2519
2025/12/14 18:56:08 - mmengine - INFO - Epoch(train)  [9][ 100/7330]  base_lr: 1.0000e-05 lr: 1.0000e-05  eta: 9:24:47  time: 1.0219  data_time: 0.0033  memory: 9526  loss: 0.7071  loss_rpn_cls: 0.0287  loss_rpn_bbox: 0.0366  loss_cls: 0.1821  acc: 90.4297  loss_bbox: 0.2243  loss_mask: 0.2354
